TN:
SF:lib\src\data_transfer_objects\derod\block\block.dart
FNF:0
FNH:0
DA:27,4
LF:1
LH:1
end_of_record
TN:
SF:lib\src\data_transfer_objects\derod\block_header\block_header.dart
FNF:0
FNH:0
DA:29,2
DA:30,2
LF:2
LH:2
end_of_record
TN:
SF:lib\src\data_transfer_objects\derod\gas_estimate\gas_estimate_result.dart
FNF:0
FNH:0
DA:17,2
DA:18,2
LF:2
LH:2
end_of_record
TN:
SF:lib\src\data_transfer_objects\derod\get_block\get_block_params.dart
FNF:0
FNH:0
DA:16,0
DA:17,0
LF:2
LH:0
end_of_record
TN:
SF:lib\src\data_transfer_objects\derod\get_block\get_block_result.dart
FNF:0
FNH:0
DA:19,2
DA:20,2
LF:2
LH:2
end_of_record
TN:
SF:lib\src\data_transfer_objects\derod\get_block_by\get_block_by_hash_params.dart
FNF:0
FNH:0
DA:15,0
DA:16,0
LF:2
LH:0
end_of_record
TN:
SF:lib\src\data_transfer_objects\derod\get_block_by\get_block_by_result.dart
FNF:0
FNH:0
DA:16,2
DA:17,2
LF:2
LH:2
end_of_record
TN:
SF:lib\src\data_transfer_objects\derod\get_block_by\get_block_by_topoheight_params.dart
FNF:0
FNH:0
DA:15,0
DA:16,0
LF:2
LH:0
end_of_record
TN:
SF:lib\src\data_transfer_objects\derod\get_block_count\get_block_count_result.dart
FNF:0
FNH:0
DA:16,2
DA:17,2
LF:2
LH:2
end_of_record
TN:
SF:lib\src\data_transfer_objects\derod\get_block_template\get_block_template_params.dart
FNF:0
FNH:0
DA:17,0
DA:18,0
LF:2
LH:0
end_of_record
TN:
SF:lib\src\data_transfer_objects\derod\get_block_template\get_block_template_result.dart
FNF:0
FNH:0
DA:27,2
DA:28,2
LF:2
LH:2
end_of_record
TN:
SF:lib\src\data_transfer_objects\derod\get_encrypted_balance\get_encrypted_balance_params.dart
FNF:0
FNH:0
DA:22,0
DA:23,0
LF:2
LH:0
end_of_record
TN:
SF:lib\src\data_transfer_objects\derod\get_encrypted_balance\get_encrypted_balance_result.dart
FNF:0
FNH:0
DA:31,2
DA:32,2
LF:2
LH:2
end_of_record
TN:
SF:lib\src\data_transfer_objects\derod\get_height\get_height_result.dart
FNF:0
FNH:0
DA:18,2
DA:19,2
LF:2
LH:2
end_of_record
TN:
SF:lib\src\data_transfer_objects\derod\get_info\get_info_result.dart
FNF:0
FNH:0
DA:47,2
DA:48,2
LF:2
LH:2
end_of_record
TN:
SF:lib\src\data_transfer_objects\derod\get_random_address\get_random_address_params.dart
FNF:0
FNH:0
DA:16,0
DA:17,0
LF:2
LH:0
end_of_record
TN:
SF:lib\src\data_transfer_objects\derod\get_random_address\get_random_address_result.dart
FNF:0
FNH:0
DA:16,2
DA:17,2
LF:2
LH:2
end_of_record
TN:
SF:lib\src\data_transfer_objects\derod\get_sc\get_sc_params.dart
FNF:0
FNH:0
DA:26,0
DA:27,0
LF:2
LH:0
end_of_record
TN:
SF:lib\src\data_transfer_objects\derod\get_sc\get_sc_result.dart
FNF:0
FNH:0
DA:23,2
DA:24,2
LF:2
LH:2
end_of_record
TN:
SF:lib\src\data_transfer_objects\derod\get_transaction\get_transaction_params.dart
FNF:0
FNH:0
DA:16,0
DA:17,0
LF:2
LH:0
end_of_record
TN:
SF:lib\src\data_transfer_objects\derod\get_transaction\get_transaction_result.dart
FNF:0
FNH:0
DA:18,2
DA:19,2
LF:2
LH:2
end_of_record
TN:
SF:lib\src\data_transfer_objects\derod\get_tx_pool\get_tx_pool_result.dart
FNF:0
FNH:0
DA:16,2
DA:17,2
LF:2
LH:2
end_of_record
TN:
SF:lib\src\data_transfer_objects\derod\miniblock\miniblock.dart
FNF:0
FNH:0
DA:25,2
DA:26,2
LF:2
LH:2
end_of_record
TN:
SF:lib\src\data_transfer_objects\derod\name_to_address\name_to_address_params.dart
FNF:0
FNH:0
DA:19,0
DA:20,0
LF:2
LH:0
end_of_record
TN:
SF:lib\src\data_transfer_objects\derod\name_to_address\name_to_address_result.dart
FNF:0
FNH:0
DA:17,1
DA:18,1
LF:2
LH:2
end_of_record
TN:
SF:lib\src\data_transfer_objects\derod\send_raw_transaction\send_raw_transaction_params.dart
FNF:0
FNH:0
DA:15,0
DA:16,0
LF:2
LH:0
end_of_record
TN:
SF:lib\src\data_transfer_objects\derod\send_raw_transaction\send_raw_transaction_result.dart
FNF:0
FNH:0
DA:17,2
DA:18,2
LF:2
LH:2
end_of_record
TN:
SF:lib\src\data_transfer_objects\derod\submit_block\submit_block_params.dart
FNF:0
FNH:0
DA:16,0
DA:17,0
LF:2
LH:0
end_of_record
TN:
SF:lib\src\data_transfer_objects\derod\submit_block\submit_block_result.dart
FNF:0
FNH:0
DA:19,0
DA:20,0
LF:2
LH:0
end_of_record
TN:
SF:lib\src\data_transfer_objects\derod\transaction\transaction.dart
FNF:0
FNH:0
DA:31,2
DA:32,2
LF:2
LH:2
end_of_record
TN:
SF:lib\src\data_transfer_objects\derod\tx_related_info\tx_related_info.dart
FNF:0
FNH:0
DA:29,2
DA:30,2
LF:2
LH:2
end_of_record
TN:
SF:lib\src\data_transfer_objects\wallet\argument\argument.dart
FNF:0
FNH:0
DA:43,1
DA:44,1
LF:2
LH:2
end_of_record
TN:
SF:lib\src\data_transfer_objects\wallet\entry\wallet_entry.dart
FNF:0
FNH:0
DA:44,2
LF:1
LH:1
end_of_record
TN:
SF:lib\src\data_transfer_objects\wallet\get_address\get_address_result.dart
FNF:0
FNH:0
DA:15,1
DA:16,1
LF:2
LH:2
end_of_record
TN:
SF:lib\src\data_transfer_objects\wallet\get_balance\get_balance_params.dart
FNF:0
FNH:0
DA:16,0
DA:17,0
LF:2
LH:0
end_of_record
TN:
SF:lib\src\data_transfer_objects\wallet\get_balance\get_balance_result.dart
FNF:0
FNH:0
DA:16,1
DA:17,1
LF:2
LH:2
end_of_record
TN:
SF:lib\src\data_transfer_objects\wallet\get_height\get_height_result.dart
FNF:0
FNH:0
DA:14,1
DA:15,1
LF:2
LH:2
end_of_record
TN:
SF:lib\src\data_transfer_objects\wallet\get_transfer_by_txid\get_transfer_by_txid_params.dart
FNF:0
FNH:0
DA:15,0
DA:16,0
LF:2
LH:0
end_of_record
TN:
SF:lib\src\data_transfer_objects\wallet\get_transfer_by_txid\get_transfer_by_txid_result.dart
FNF:0
FNH:0
DA:15,0
DA:16,0
LF:2
LH:0
end_of_record
TN:
SF:lib\src\data_transfer_objects\wallet\get_transfers\get_transfers_params.dart
FNF:0
FNH:0
DA:27,0
DA:28,0
LF:2
LH:0
end_of_record
TN:
SF:lib\src\data_transfer_objects\wallet\get_transfers\get_transfers_result.dart
FNF:0
FNH:0
DA:15,1
DA:16,1
LF:2
LH:2
end_of_record
TN:
SF:lib\src\data_transfer_objects\wallet\make_integrated_address\make_integrated_address_params.dart
FNF:0
FNH:0
DA:16,0
DA:17,0
LF:2
LH:0
end_of_record
TN:
SF:lib\src\data_transfer_objects\wallet\make_integrated_address\make_integrated_address_result.dart
FNF:0
FNH:0
DA:16,1
DA:17,1
LF:2
LH:2
end_of_record
TN:
SF:lib\src\data_transfer_objects\wallet\query_key\query_key_params.dart
FNF:0
FNH:0
DA:19,0
DA:20,0
LF:2
LH:0
end_of_record
TN:
SF:lib\src\data_transfer_objects\wallet\query_key\query_key_result.dart
FNF:0
FNH:0
DA:15,1
DA:16,1
LF:2
LH:2
end_of_record
TN:
SF:lib\src\data_transfer_objects\wallet\sc_invoke\sc_invoke_params.dart
FNF:0
FNH:0
DA:19,0
DA:20,0
LF:2
LH:0
end_of_record
TN:
SF:lib\src\data_transfer_objects\wallet\split_integrated_address\split_integrated_address_params.dart
FNF:0
FNH:0
DA:15,0
DA:16,0
LF:2
LH:0
end_of_record
TN:
SF:lib\src\data_transfer_objects\wallet\split_integrated_address\split_integrated_address_result.dart
FNF:0
FNH:0
DA:16,1
DA:17,1
LF:2
LH:2
end_of_record
TN:
SF:lib\src\data_transfer_objects\wallet\transfer\transfer.dart
FNF:0
FNH:0
DA:24,0
DA:25,0
LF:2
LH:0
end_of_record
TN:
SF:lib\src\data_transfer_objects\wallet\transfer\transfer_params.dart
FNF:0
FNH:0
DA:22,0
DA:23,0
LF:2
LH:0
end_of_record
TN:
SF:lib\src\data_transfer_objects\wallet\transfer\transfer_result.dart
FNF:0
FNH:0
DA:15,1
DA:16,1
LF:2
LH:2
end_of_record
TN:
SF:lib\src\repositories\derod_repository.dart
FNF:0
FNH:0
DA:45,2
DA:46,2
DA:47,2
DA:50,2
DA:52,6
DA:53,4
DA:57,2
DA:58,8
DA:61,8
DA:65,0
DA:68,0
DA:71,1
DA:72,3
DA:76,1
DA:77,3
DA:81,2
DA:82,4
DA:83,4
DA:87,2
DA:88,4
DA:89,2
DA:93,2
DA:94,4
DA:95,2
DA:99,2
DA:101,6
DA:102,2
DA:106,2
DA:107,4
DA:108,2
DA:112,2
DA:114,4
DA:115,2
DA:116,2
DA:120,2
DA:122,4
DA:123,2
DA:124,2
DA:128,2
DA:129,4
DA:130,2
DA:134,2
DA:136,4
DA:137,2
DA:138,2
DA:142,2
DA:143,4
DA:144,2
DA:148,2
DA:149,6
DA:150,2
DA:154,2
DA:156,4
DA:157,2
DA:158,2
DA:162,1
DA:164,2
DA:165,1
DA:166,1
DA:170,2
DA:172,4
DA:173,0
DA:174,2
DA:178,2
DA:180,4
DA:181,2
DA:182,2
DA:188,2
DA:190,4
DA:191,2
DA:192,2
DA:198,0
DA:200,0
DA:201,0
DA:202,0
DA:206,2
DA:208,4
DA:209,2
DA:210,2
LF:79
LH:72
end_of_record
TN:
SF:lib\src\repositories\wallet_repository.dart
FNF:0
FNH:0
DA:33,1
DA:34,1
DA:37,1
DA:39,3
DA:40,2
DA:44,4
DA:48,3
DA:51,1
DA:52,2
DA:53,2
DA:57,1
DA:58,2
DA:59,1
DA:65,1
DA:67,2
DA:68,0
DA:69,1
DA:73,1
DA:74,2
DA:75,1
DA:79,0
DA:81,0
DA:82,0
DA:83,0
DA:89,1
DA:91,2
DA:92,1
DA:93,1
DA:97,1
DA:99,2
DA:100,1
DA:101,1
DA:105,1
DA:107,2
DA:108,1
DA:109,1
DA:113,1
DA:115,3
DA:116,1
DA:131,1
DA:133,3
DA:134,1
DA:149,1
DA:151,3
DA:152,1
LF:45
LH:40
end_of_record
TN:
SF:lib\src\utils\block_json_converter.dart
FNF:0
FNH:0
DA:8,9
DA:10,2
DA:12,2
DA:14,2
DA:16,2
DA:17,4
DA:19,2
DA:22,0
DA:23,0
LF:9
LH:7
end_of_record
TN:
SF:lib\src\utils\data_format.dart
FNF:0
FNH:0
DA:14,0
DA:15,0
DA:16,0
DA:20,0
DA:21,0
DA:22,0
DA:26,0
DA:27,0
DA:28,0
LF:9
LH:0
end_of_record
TN:
SF:lib\src\utils\uint8list_json_converter.dart
FNF:0
FNH:0
DA:7,27
DA:9,2
DA:11,4
DA:13,0
DA:14,0
LF:5
LH:3
end_of_record
