SF:lib\src\repositories\derod_repository.dart
DA:45,2
DA:46,2
DA:47,2
DA:50,2
DA:52,6
DA:53,4
DA:57,2
DA:58,8
DA:61,8
DA:65,0
DA:68,0
DA:71,1
DA:72,3
DA:76,1
DA:77,3
DA:85,1
DA:92,3
DA:93,1
DA:94,1
DA:96,1
DA:97,1
DA:103,2
DA:104,4
DA:105,4
DA:109,2
DA:110,4
DA:111,2
DA:115,2
DA:116,4
DA:117,2
DA:121,2
DA:123,6
DA:124,2
DA:128,2
DA:129,4
DA:130,2
DA:134,2
DA:136,4
DA:137,2
DA:138,2
DA:142,2
DA:144,4
DA:145,2
DA:146,2
DA:150,2
DA:151,4
DA:152,2
DA:156,2
DA:158,4
DA:159,2
DA:160,2
DA:164,2
DA:165,4
DA:166,2
DA:170,2
DA:171,6
DA:172,2
DA:176,2
DA:178,4
DA:179,2
DA:180,2
DA:184,1
DA:186,2
DA:187,1
DA:188,1
DA:192,2
DA:194,4
DA:195,0
DA:196,2
DA:200,2
DA:202,4
DA:203,2
DA:204,2
DA:210,2
DA:212,4
DA:213,2
DA:214,2
DA:220,0
DA:222,0
DA:223,0
DA:224,0
DA:228,2
DA:230,4
DA:231,2
DA:232,2
LF:85
LH:78
end_of_record
SF:lib\src\repositories\wallet_repository.dart
DA:33,1
DA:34,1
DA:37,1
DA:39,3
DA:40,2
DA:44,4
DA:48,3
DA:51,1
DA:52,2
DA:53,2
DA:57,1
DA:58,2
DA:59,1
DA:65,1
DA:67,2
DA:68,0
DA:69,1
DA:73,1
DA:74,2
DA:75,1
DA:79,0
DA:81,0
DA:82,0
DA:83,0
DA:89,1
DA:91,2
DA:92,1
DA:93,1
DA:97,1
DA:99,2
DA:100,1
DA:101,1
DA:105,1
DA:107,2
DA:108,1
DA:109,1
DA:113,1
DA:115,3
DA:116,1
DA:131,1
DA:133,3
DA:134,1
DA:149,1
DA:151,3
DA:152,1
LF:45
LH:40
end_of_record
SF:lib\src\data_transfer_objects\derod\block\block.dart
DA:46,4
LF:1
LH:1
end_of_record
SF:lib\src\data_transfer_objects\derod\block\block.g.dart
DA:11,4
DA:12,2
DA:13,2
DA:14,2
DA:16,4
DA:17,2
DA:18,2
DA:20,4
DA:21,2
DA:22,8
DA:23,2
DA:24,6
DA:25,2
DA:26,2
DA:27,2
DA:28,1
DA:31,0
DA:32,0
DA:33,0
DA:34,0
DA:35,0
DA:36,0
DA:37,0
DA:38,0
DA:39,0
DA:40,0
LF:26
LH:16
end_of_record
SF:lib\src\data_transfer_objects\derod\miniblock\miniblock.dart
DA:46,2
DA:47,2
LF:2
LH:2
end_of_record
SF:lib\src\data_transfer_objects\derod\miniblock\miniblock.g.dart
DA:11,4
DA:12,2
DA:13,2
DA:14,2
DA:15,2
DA:16,2
DA:17,2
DA:18,8
DA:19,2
DA:20,2
DA:21,8
DA:24,0
DA:25,0
DA:26,0
DA:27,0
DA:28,0
DA:29,0
DA:30,0
DA:31,0
DA:32,0
DA:33,0
DA:34,0
DA:35,0
LF:23
LH:11
end_of_record
SF:lib\src\data_transfer_objects\derod\transaction\transaction.dart
DA:54,2
DA:55,2
LF:2
LH:2
end_of_record
SF:lib\src\data_transfer_objects\derod\transaction\transaction.g.dart
DA:11,2
DA:12,2
DA:13,2
DA:14,2
DA:15,2
DA:16,2
DA:17,2
DA:18,2
DA:19,4
DA:20,2
DA:21,4
DA:22,2
DA:23,4
DA:24,2
DA:25,2
DA:26,4
DA:27,2
DA:28,0
DA:29,0
DA:32,0
DA:33,0
DA:34,0
DA:35,0
DA:36,0
DA:37,0
DA:38,0
DA:39,0
DA:40,0
DA:41,0
DA:42,0
DA:43,0
DA:44,0
DA:45,0
DA:46,0
DA:47,0
DA:48,0
DA:51,2
DA:55,2
DA:57,0
DA:61,0
LF:40
LH:19
end_of_record
SF:lib\src\data_transfer_objects\derod\block_header\block_header.dart
DA:62,2
DA:63,2
LF:2
LH:2
end_of_record
SF:lib\src\data_transfer_objects\derod\block_header\block_header.g.dart
DA:11,2
DA:12,2
DA:13,2
DA:14,2
DA:15,2
DA:16,2
DA:17,2
DA:18,2
DA:19,2
DA:20,2
DA:21,2
DA:22,2
DA:23,2
DA:24,2
DA:26,8
DA:27,2
DA:28,8
DA:29,2
DA:32,0
DA:33,0
DA:34,0
DA:35,0
DA:36,0
DA:37,0
DA:38,0
DA:39,0
DA:40,0
DA:41,0
DA:42,0
DA:43,0
DA:44,0
DA:45,0
DA:46,0
DA:47,0
DA:48,0
DA:49,0
LF:36
LH:18
end_of_record
SF:lib\src\data_transfer_objects\derod\gas_estimate\gas_estimate_result.dart
DA:24,2
DA:25,2
LF:2
LH:2
end_of_record
SF:lib\src\data_transfer_objects\derod\gas_estimate\gas_estimate_result.g.dart
DA:11,2
DA:12,2
DA:13,2
DA:14,2
DA:15,2
DA:18,0
DA:20,0
DA:21,0
DA:22,0
DA:23,0
LF:10
LH:5
end_of_record
SF:lib\src\data_transfer_objects\derod\get_block\get_block_params.dart
DA:21,0
DA:22,0
LF:2
LH:0
end_of_record
SF:lib\src\data_transfer_objects\derod\get_block\get_block_params.g.dart
DA:11,0
DA:12,0
DA:13,0
DA:14,0
DA:17,2
DA:18,2
DA:19,2
DA:20,2
LF:8
LH:4
end_of_record
SF:lib\src\data_transfer_objects\derod\get_block\get_block_result.dart
DA:28,2
DA:29,2
LF:2
LH:2
end_of_record
SF:lib\src\data_transfer_objects\derod\get_block\get_block_result.g.dart
DA:11,2
DA:12,2
DA:13,2
DA:14,2
DA:15,4
DA:16,2
DA:18,4
DA:19,2
DA:22,0
DA:23,0
DA:24,0
DA:25,0
DA:26,0
DA:27,0
DA:28,0
DA:31,2
DA:35,2
DA:37,0
DA:41,0
LF:19
LH:10
end_of_record
SF:lib\src\utils\block_json_converter.dart
DA:8,9
DA:10,2
DA:12,2
DA:14,2
DA:16,2
DA:17,4
DA:19,2
DA:22,0
DA:23,0
LF:9
LH:7
end_of_record
SF:lib\src\data_transfer_objects\derod\get_block_by\get_block_by_hash_params.dart
DA:18,0
DA:19,0
LF:2
LH:0
end_of_record
SF:lib\src\data_transfer_objects\derod\get_block_by\get_block_by_hash_params.g.dart
DA:11,0
DA:13,0
DA:14,0
DA:17,2
DA:19,2
DA:20,2
LF:6
LH:3
end_of_record
SF:lib\src\data_transfer_objects\derod\get_block_by\get_block_by_result.dart
DA:21,2
DA:22,2
LF:2
LH:2
end_of_record
SF:lib\src\data_transfer_objects\derod\get_block_by\get_block_by_result.g.dart
DA:11,2
DA:12,2
DA:13,2
DA:15,4
DA:16,2
DA:19,0
DA:20,0
DA:21,0
DA:22,0
LF:9
LH:5
end_of_record
SF:lib\src\data_transfer_objects\derod\get_block_by\get_block_by_topoheight_params.dart
DA:18,0
DA:19,0
LF:2
LH:0
end_of_record
SF:lib\src\data_transfer_objects\derod\get_block_by\get_block_by_topoheight_params.g.dart
DA:11,0
DA:13,0
DA:14,0
DA:17,2
DA:19,2
DA:20,2
LF:6
LH:3
end_of_record
SF:lib\src\data_transfer_objects\derod\get_block_count\get_block_count_result.dart
DA:21,2
DA:22,2
LF:2
LH:2
end_of_record
SF:lib\src\data_transfer_objects\derod\get_block_count\get_block_count_result.g.dart
DA:11,2
DA:13,2
DA:14,2
DA:15,2
DA:18,0
DA:20,0
DA:21,0
DA:22,0
LF:8
LH:4
end_of_record
SF:lib\src\data_transfer_objects\derod\get_block_template\get_block_template_params.dart
DA:24,0
DA:25,0
LF:2
LH:0
end_of_record
SF:lib\src\data_transfer_objects\derod\get_block_template\get_block_template_params.g.dart
DA:11,0
DA:13,0
DA:14,0
DA:15,0
DA:16,0
DA:19,2
DA:21,2
DA:22,2
DA:23,2
DA:24,2
LF:10
LH:5
end_of_record
SF:lib\src\data_transfer_objects\derod\get_block_template\get_block_template_result.dart
DA:54,2
DA:55,2
LF:2
LH:2
end_of_record
SF:lib\src\data_transfer_objects\derod\get_block_template\get_block_template_result.g.dart
DA:11,2
DA:13,2
DA:14,2
DA:15,2
DA:16,2
DA:17,2
DA:18,2
DA:19,2
DA:20,2
DA:21,2
DA:22,2
DA:23,2
DA:24,2
DA:25,2
DA:26,2
DA:29,0
DA:31,0
DA:32,0
DA:33,0
DA:34,0
DA:35,0
DA:36,0
DA:37,0
DA:38,0
DA:39,0
DA:40,0
DA:41,0
DA:42,0
DA:43,0
DA:44,0
LF:30
LH:15
end_of_record
SF:lib\src\data_transfer_objects\derod\get_encrypted_balance\get_encrypted_balance_params.dart
DA:28,0
DA:29,0
LF:2
LH:0
end_of_record
SF:lib\src\data_transfer_objects\derod\get_encrypted_balance\get_encrypted_balance_params.g.dart
DA:11,0
DA:13,0
DA:14,0
DA:15,0
DA:16,0
DA:17,0
DA:20,2
DA:22,2
DA:23,2
DA:24,2
DA:25,2
DA:26,2
LF:12
LH:6
end_of_record
SF:lib\src\data_transfer_objects\derod\get_encrypted_balance\get_encrypted_balance_result.dart
DA:53,2
DA:54,2
LF:2
LH:2
end_of_record
SF:lib\src\data_transfer_objects\derod\get_encrypted_balance\get_encrypted_balance_result.g.dart
DA:11,2
DA:13,2
DA:14,2
DA:15,2
DA:16,2
DA:17,2
DA:18,2
DA:19,2
DA:20,2
DA:21,2
DA:22,2
DA:23,2
DA:24,2
DA:25,2
DA:28,0
DA:30,0
DA:31,0
DA:32,0
DA:33,0
DA:34,0
DA:35,0
DA:36,0
DA:37,0
DA:38,0
DA:39,0
DA:40,0
DA:41,0
DA:42,0
LF:28
LH:14
end_of_record
SF:lib\src\data_transfer_objects\derod\get_height\get_height_result.dart
DA:27,2
DA:28,2
LF:2
LH:2
end_of_record
SF:lib\src\data_transfer_objects\derod\get_height\get_height_result.g.dart
DA:11,2
DA:13,2
DA:14,2
DA:15,2
DA:16,2
DA:17,2
DA:20,0
DA:22,0
DA:23,0
DA:24,0
DA:25,0
DA:26,0
LF:12
LH:6
end_of_record
SF:lib\src\data_transfer_objects\derod\get_info\get_info_result.dart
DA:114,2
DA:115,2
LF:2
LH:2
end_of_record
SF:lib\src\data_transfer_objects\derod\get_info\get_info_result.g.dart
DA:11,2
DA:12,2
DA:13,2
DA:14,2
DA:15,2
DA:16,2
DA:17,2
DA:18,2
DA:19,2
DA:20,4
DA:21,2
DA:22,2
DA:23,2
DA:24,2
DA:25,2
DA:26,2
DA:27,2
DA:28,2
DA:29,2
DA:30,2
DA:31,2
DA:32,2
DA:33,2
DA:34,2
DA:35,2
DA:36,2
DA:37,2
DA:38,2
DA:39,2
DA:40,4
DA:41,2
DA:42,2
DA:43,2
DA:44,2
DA:45,2
DA:48,0
DA:49,0
DA:50,0
DA:51,0
DA:52,0
DA:53,0
DA:54,0
DA:55,0
DA:56,0
DA:57,0
DA:58,0
DA:59,0
DA:60,0
DA:61,0
DA:62,0
DA:63,0
DA:64,0
DA:65,0
DA:66,0
DA:67,0
DA:68,0
DA:69,0
DA:70,0
DA:71,0
DA:72,0
DA:73,0
DA:74,0
DA:75,0
DA:76,0
DA:77,0
DA:78,0
DA:79,0
DA:80,0
DA:81,0
DA:82,0
LF:70
LH:35
end_of_record
SF:lib\src\data_transfer_objects\derod\get_random_address\get_random_address_params.dart
DA:19,0
DA:20,0
LF:2
LH:0
end_of_record
SF:lib\src\data_transfer_objects\derod\get_random_address\get_random_address_params.g.dart
DA:11,0
DA:13,0
DA:14,0
DA:17,0
DA:19,0
DA:20,0
LF:6
LH:0
end_of_record
SF:lib\src\data_transfer_objects\derod\get_random_address\get_random_address_result.dart
DA:21,2
DA:22,2
LF:2
LH:2
end_of_record
SF:lib\src\data_transfer_objects\derod\get_random_address\get_random_address_result.g.dart
DA:11,2
DA:13,2
DA:15,8
DA:16,2
DA:19,0
DA:21,0
DA:22,0
DA:23,0
LF:8
LH:4
end_of_record
SF:lib\src\data_transfer_objects\derod\get_sc\get_sc_params.dart
DA:46,0
DA:47,0
LF:2
LH:0
end_of_record
SF:lib\src\data_transfer_objects\derod\get_sc\get_sc_params.g.dart
DA:11,0
DA:12,0
DA:13,0
DA:14,0
DA:15,0
DA:16,0
DA:18,0
DA:19,0
DA:20,0
DA:21,0
DA:22,0
DA:23,0
DA:24,0
DA:27,2
DA:28,2
DA:29,2
DA:30,2
DA:31,2
DA:32,2
DA:33,2
DA:34,2
DA:36,2
LF:22
LH:9
end_of_record
SF:lib\src\utils\uint8list_json_converter.dart
DA:7,27
DA:9,2
DA:11,4
DA:13,0
DA:14,0
LF:5
LH:3
end_of_record
SF:lib\src\data_transfer_objects\derod\get_sc\get_sc_result.dart
DA:42,2
DA:43,2
LF:2
LH:2
end_of_record
SF:lib\src\data_transfer_objects\derod\get_sc\get_sc_result.g.dart
DA:11,2
DA:12,2
DA:13,2
DA:14,0
DA:15,0
DA:16,2
DA:17,0
DA:18,0
DA:19,2
DA:20,0
DA:21,0
DA:22,2
DA:23,2
DA:24,0
DA:26,3
DA:27,2
DA:29,2
DA:30,2
DA:31,2
DA:34,0
DA:35,0
DA:36,0
DA:37,0
DA:38,0
DA:39,0
DA:41,0
DA:42,0
DA:43,0
DA:44,0
DA:45,0
LF:30
LH:12
end_of_record
SF:lib\src\data_transfer_objects\derod\get_transaction\get_transaction_params.dart
DA:21,0
DA:22,0
LF:2
LH:0
end_of_record
SF:lib\src\data_transfer_objects\derod\get_transaction\get_transaction_params.g.dart
DA:11,0
DA:13,0
DA:14,0
DA:15,0
DA:16,0
DA:17,0
DA:20,2
DA:22,2
DA:23,2
DA:24,2
LF:10
LH:4
end_of_record
SF:lib\src\data_transfer_objects\derod\get_transaction\get_transaction_result.dart
DA:27,2
DA:28,2
LF:2
LH:2
end_of_record
SF:lib\src\data_transfer_objects\derod\get_transaction\get_transaction_result.g.dart
DA:11,2
DA:13,2
DA:14,2
DA:15,4
DA:16,2
DA:17,2
DA:18,0
DA:19,0
DA:20,2
DA:21,6
DA:22,2
DA:23,2
DA:26,0
DA:28,0
DA:29,0
DA:30,0
DA:31,0
DA:32,0
LF:18
LH:10
end_of_record
SF:lib\src\data_transfer_objects\derod\get_tx_pool\get_tx_pool_result.dart
DA:21,2
DA:22,2
LF:2
LH:2
end_of_record
SF:lib\src\data_transfer_objects\derod\get_tx_pool\get_tx_pool_result.g.dart
DA:11,2
DA:12,2
DA:13,5
DA:14,2
DA:17,0
DA:18,0
DA:19,0
DA:20,0
LF:8
LH:4
end_of_record
SF:lib\src\data_transfer_objects\derod\name_to_address\name_to_address_params.dart
DA:22,0
DA:23,0
LF:2
LH:0
end_of_record
SF:lib\src\data_transfer_objects\derod\name_to_address\name_to_address_params.g.dart
DA:11,0
DA:13,0
DA:14,0
DA:15,0
DA:18,1
DA:20,1
DA:21,1
DA:22,1
LF:8
LH:4
end_of_record
SF:lib\src\data_transfer_objects\derod\name_to_address\name_to_address_result.dart
DA:24,1
DA:25,1
LF:2
LH:2
end_of_record
SF:lib\src\data_transfer_objects\derod\name_to_address\name_to_address_result.g.dart
DA:11,1
DA:13,1
DA:14,1
DA:15,1
DA:16,1
DA:19,0
DA:21,0
DA:22,0
DA:23,0
DA:24,0
LF:10
LH:5
end_of_record
SF:lib\src\data_transfer_objects\derod\send_raw_transaction\send_raw_transaction_params.dart
DA:18,0
DA:19,0
LF:2
LH:0
end_of_record
SF:lib\src\data_transfer_objects\derod\send_raw_transaction\send_raw_transaction_params.g.dart
DA:11,0
DA:13,0
DA:14,0
DA:17,2
DA:19,2
DA:20,2
LF:6
LH:3
end_of_record
SF:lib\src\data_transfer_objects\derod\send_raw_transaction\send_raw_transaction_result.dart
DA:24,2
DA:25,2
LF:2
LH:2
end_of_record
SF:lib\src\data_transfer_objects\derod\send_raw_transaction\send_raw_transaction_result.g.dart
DA:11,2
DA:13,2
DA:14,2
DA:15,2
DA:16,2
DA:19,0
DA:21,0
DA:22,0
DA:23,0
DA:24,0
LF:10
LH:5
end_of_record
SF:lib\src\data_transfer_objects\derod\submit_block\submit_block_params.dart
DA:21,0
DA:22,0
LF:2
LH:0
end_of_record
SF:lib\src\data_transfer_objects\derod\submit_block\submit_block_params.g.dart
DA:11,0
DA:12,0
DA:13,0
DA:14,0
DA:17,0
DA:19,0
DA:20,0
DA:21,0
LF:8
LH:0
end_of_record
SF:lib\src\data_transfer_objects\derod\submit_block\submit_block_result.dart
DA:30,0
DA:31,0
LF:2
LH:0
end_of_record
SF:lib\src\data_transfer_objects\derod\submit_block\submit_block_result.g.dart
DA:11,0
DA:12,0
DA:13,0
DA:14,0
DA:15,0
DA:16,0
DA:17,0
DA:20,0
DA:22,0
DA:23,0
DA:24,0
DA:25,0
DA:26,0
DA:27,0
LF:14
LH:0
end_of_record
SF:lib\src\data_transfer_objects\wallet\argument\argument.dart
DA:50,1
DA:51,1
LF:2
LH:2
end_of_record
SF:lib\src\data_transfer_objects\wallet\argument\argument.g.dart
DA:11,2
DA:12,1
DA:13,2
DA:14,1
DA:17,1
DA:18,1
DA:19,1
DA:20,2
DA:21,1
LF:9
LH:9
end_of_record
SF:lib\src\utils\data_format.dart
DA:14,0
DA:15,0
DA:16,0
DA:20,0
DA:21,0
DA:22,0
DA:26,0
DA:27,0
DA:28,0
LF:9
LH:0
end_of_record
SF:lib\src\data_transfer_objects\derod\tx_related_info\tx_related_info.dart
DA:62,2
DA:63,2
LF:2
LH:2
end_of_record
SF:lib\src\data_transfer_objects\derod\tx_related_info\tx_related_info.g.dart
DA:11,2
DA:12,2
DA:13,2
DA:14,2
DA:15,2
DA:16,2
DA:17,2
DA:18,2
DA:19,2
DA:20,0
DA:21,0
DA:22,2
DA:23,2
DA:24,2
DA:25,0
DA:26,0
DA:27,2
DA:28,0
DA:29,0
DA:30,2
DA:31,2
DA:32,2
DA:33,2
DA:34,2
DA:37,0
DA:38,0
DA:39,0
DA:40,0
DA:41,0
DA:42,0
DA:43,0
DA:44,0
DA:45,0
DA:46,0
DA:47,0
DA:48,0
DA:49,0
DA:50,0
DA:51,0
DA:52,0
DA:53,0
DA:54,0
LF:42
LH:18
end_of_record
SF:lib\src\data_transfer_objects\wallet\entry\wallet_entry.dart
DA:95,2
LF:1
LH:1
end_of_record
SF:lib\src\data_transfer_objects\wallet\entry\wallet_entry.g.dart
DA:11,2
DA:12,1
DA:13,1
DA:14,1
DA:15,1
DA:16,1
DA:17,1
DA:18,1
DA:19,1
DA:20,1
DA:21,1
DA:22,1
DA:23,1
DA:24,1
DA:25,1
DA:26,1
DA:28,3
DA:29,1
DA:30,1
DA:31,1
DA:32,1
DA:33,1
DA:34,1
DA:35,3
DA:36,1
DA:37,1
DA:38,1
DA:39,1
DA:42,0
DA:43,0
DA:44,0
DA:45,0
DA:46,0
DA:47,0
DA:48,0
DA:49,0
DA:50,0
DA:51,0
DA:52,0
DA:53,0
DA:54,0
DA:55,0
DA:56,0
DA:57,0
DA:58,0
DA:59,0
DA:60,0
DA:61,0
DA:62,0
DA:63,0
DA:64,0
DA:65,0
DA:66,0
DA:67,0
LF:54
LH:28
end_of_record
SF:lib\src\data_transfer_objects\wallet\get_address\get_address_result.dart
DA:18,1
DA:19,1
LF:2
LH:2
end_of_record
SF:lib\src\data_transfer_objects\wallet\get_address\get_address_result.g.dart
DA:11,1
DA:12,1
DA:13,1
DA:16,0
DA:17,0
DA:18,0
LF:6
LH:3
end_of_record
SF:lib\src\data_transfer_objects\wallet\get_balance\get_balance_params.dart
DA:19,0
DA:20,0
LF:2
LH:0
end_of_record
SF:lib\src\data_transfer_objects\wallet\get_balance\get_balance_params.g.dart
DA:11,0
DA:12,0
DA:13,0
DA:16,0
DA:17,0
DA:18,0
LF:6
LH:0
end_of_record
SF:lib\src\data_transfer_objects\wallet\get_balance\get_balance_result.dart
DA:21,1
DA:22,1
LF:2
LH:2
end_of_record
SF:lib\src\data_transfer_objects\wallet\get_balance\get_balance_result.g.dart
DA:11,1
DA:12,1
DA:13,1
DA:14,1
DA:17,0
DA:18,0
DA:19,0
DA:20,0
LF:8
LH:4
end_of_record
SF:lib\src\data_transfer_objects\wallet\get_height\get_height_result.dart
DA:17,1
DA:18,1
LF:2
LH:2
end_of_record
SF:lib\src\data_transfer_objects\wallet\get_height\get_height_result.g.dart
DA:11,1
DA:13,1
DA:14,1
DA:17,0
DA:19,0
DA:20,0
LF:6
LH:3
end_of_record
SF:lib\src\data_transfer_objects\wallet\get_transfer_by_txid\get_transfer_by_txid_params.dart
DA:18,0
DA:19,0
LF:2
LH:0
end_of_record
SF:lib\src\data_transfer_objects\wallet\get_transfer_by_txid\get_transfer_by_txid_params.g.dart
DA:11,0
DA:13,0
DA:14,0
DA:17,0
DA:19,0
DA:20,0
LF:6
LH:0
end_of_record
SF:lib\src\data_transfer_objects\wallet\get_transfer_by_txid\get_transfer_by_txid_result.dart
DA:18,0
DA:19,0
LF:2
LH:0
end_of_record
SF:lib\src\data_transfer_objects\wallet\get_transfer_by_txid\get_transfer_by_txid_result.g.dart
DA:11,0
DA:13,0
DA:14,0
DA:16,0
DA:19,0
DA:21,0
DA:22,0
LF:7
LH:0
end_of_record
SF:lib\src\data_transfer_objects\wallet\get_transfers\get_transfers_params.dart
DA:48,0
DA:49,0
LF:2
LH:0
end_of_record
SF:lib\src\data_transfer_objects\wallet\get_transfers\get_transfers_params.g.dart
DA:11,0
DA:13,0
DA:14,0
DA:15,0
DA:16,0
DA:17,0
DA:18,0
DA:19,0
DA:20,0
DA:21,0
DA:22,0
DA:23,0
DA:24,0
DA:27,1
DA:29,1
DA:30,1
DA:31,2
DA:32,1
DA:33,1
DA:34,1
DA:35,1
DA:36,1
DA:37,1
DA:38,1
DA:39,1
DA:40,1
DA:43,0
DA:47,0
DA:49,1
DA:53,0
LF:30
LH:14
end_of_record
SF:lib\src\data_transfer_objects\wallet\get_transfers\get_transfers_result.dart
DA:18,1
DA:19,1
LF:2
LH:2
end_of_record
SF:lib\src\data_transfer_objects\wallet\get_transfers\get_transfers_result.g.dart
DA:11,1
DA:13,1
DA:14,1
DA:15,3
DA:16,1
DA:19,0
DA:21,0
DA:22,0
LF:8
LH:5
end_of_record
SF:lib\src\data_transfer_objects\wallet\make_integrated_address\make_integrated_address_params.dart
DA:21,0
DA:22,0
LF:2
LH:0
end_of_record
SF:lib\src\data_transfer_objects\wallet\make_integrated_address\make_integrated_address_params.g.dart
DA:11,0
DA:13,0
DA:14,0
DA:15,0
DA:16,0
DA:17,0
DA:20,1
DA:22,1
DA:23,1
DA:24,1
LF:10
LH:4
end_of_record
SF:lib\src\data_transfer_objects\wallet\make_integrated_address\make_integrated_address_result.dart
DA:21,1
DA:22,1
LF:2
LH:2
end_of_record
SF:lib\src\data_transfer_objects\wallet\make_integrated_address\make_integrated_address_result.g.dart
DA:11,1
DA:13,1
DA:14,1
DA:15,1
DA:16,3
DA:17,1
DA:20,0
DA:22,0
DA:23,0
DA:24,0
LF:10
LH:6
end_of_record
SF:lib\src\data_transfer_objects\wallet\query_key\query_key_params.dart
DA:22,0
DA:23,0
LF:2
LH:0
end_of_record
SF:lib\src\data_transfer_objects\wallet\query_key\query_key_params.g.dart
DA:11,0
DA:12,0
DA:13,0
DA:16,1
DA:17,1
DA:18,1
LF:6
LH:3
end_of_record
SF:lib\src\data_transfer_objects\wallet\query_key\query_key_result.dart
DA:18,1
DA:19,1
LF:2
LH:2
end_of_record
SF:lib\src\data_transfer_objects\wallet\query_key\query_key_result.g.dart
DA:11,1
DA:12,1
DA:13,1
DA:16,0
DA:17,0
DA:18,0
LF:6
LH:3
end_of_record
SF:lib\src\data_transfer_objects\wallet\sc_invoke\sc_invoke_params.dart
DA:30,0
DA:31,0
LF:2
LH:0
end_of_record
SF:lib\src\data_transfer_objects\wallet\sc_invoke\sc_invoke_params.g.dart
DA:11,0
DA:12,0
DA:13,0
DA:14,0
DA:15,0
DA:16,0
DA:17,0
DA:18,0
DA:19,0
DA:22,1
DA:23,1
DA:24,1
DA:25,1
DA:26,1
DA:27,1
DA:28,1
LF:16
LH:7
end_of_record
SF:lib\src\data_transfer_objects\wallet\split_integrated_address\split_integrated_address_params.dart
DA:18,0
DA:19,0
LF:2
LH:0
end_of_record
SF:lib\src\data_transfer_objects\wallet\split_integrated_address\split_integrated_address_params.g.dart
DA:11,0
DA:13,0
DA:14,0
DA:17,1
DA:19,1
DA:20,1
LF:6
LH:3
end_of_record
SF:lib\src\data_transfer_objects\wallet\split_integrated_address\split_integrated_address_result.dart
DA:21,1
DA:22,1
LF:2
LH:2
end_of_record
SF:lib\src\data_transfer_objects\wallet\split_integrated_address\split_integrated_address_result.g.dart
DA:11,1
DA:13,1
DA:14,1
DA:15,1
DA:16,3
DA:17,1
DA:20,0
DA:22,0
DA:23,0
DA:24,0
LF:10
LH:6
end_of_record
SF:lib\src\data_transfer_objects\wallet\transfer\transfer.dart
DA:35,0
DA:36,0
LF:2
LH:0
end_of_record
SF:lib\src\data_transfer_objects\wallet\transfer\transfer.g.dart
DA:11,0
DA:12,0
DA:13,0
DA:14,0
DA:15,0
DA:16,0
DA:17,0
DA:18,0
DA:21,1
DA:22,1
DA:23,1
DA:24,1
DA:25,1
DA:26,1
DA:27,1
LF:15
LH:7
end_of_record
SF:lib\src\data_transfer_objects\wallet\transfer\transfer_params.dart
DA:39,0
DA:40,0
LF:2
LH:0
end_of_record
SF:lib\src\data_transfer_objects\wallet\transfer\transfer_params.g.dart
DA:11,0
DA:12,0
DA:13,0
DA:14,0
DA:15,0
DA:16,0
DA:17,0
DA:18,0
DA:19,0
DA:20,0
DA:21,0
DA:22,0
DA:23,0
DA:24,0
DA:27,3
DA:28,3
DA:29,3
DA:30,3
DA:31,3
DA:32,3
DA:33,3
DA:34,3
DA:35,3
DA:36,3
LF:24
LH:10
end_of_record
SF:lib\src\data_transfer_objects\wallet\transfer\transfer_result.dart
DA:18,1
DA:19,1
LF:2
LH:2
end_of_record
SF:lib\src\data_transfer_objects\wallet\transfer\transfer_result.g.dart
DA:11,1
DA:12,1
DA:13,1
DA:16,0
DA:17,0
DA:18,0
LF:6
LH:3
end_of_record
